Thu May 19 11:49:36 2022	INFO	Logger	net/socket.go:125	cache-go/net.init.0	max socket listen Num is 	{"num": 4096}
Thu May 19 11:49:39 2022	INFO	Logger	net/socket.go:125	cache-go/net.init.0	max socket listen Num is 	{"num": 4096}
Thu May 19 11:49:48 2022	INFO	Logger	net/socket.go:125	cache-go/net.init.0	max socket listen Num is 	{"num": 4096}
Thu May 19 11:51:44 2022	INFO	Logger	net/socket.go:125	cache-go/net.init.0	max socket listen Num is 	{"num": 4096}
Thu May 19 11:56:54 2022	INFO	Logger	net/socket.go:125	cache-go/net.init.0	max socket listen Num is 	{"num": 4096}
Thu May 19 11:56:56 2022	INFO	Logger	net/socket.go:125	cache-go/net.init.0	max socket listen Num is 	{"num": 4096}
Thu May 19 15:44:14 2022	INFO	Logger	net/socket.go:125	cache-go/net.init.0	max socket listen Num is 	{"num": 4096}
Thu May 19 15:44:14 2022	INFO	Logger	net/server.go:72	cache-go/net.(*Server).Start	subReactors starting ...
Thu May 19 15:44:14 2022	INFO	Logger	net/server.go:87	cache-go/net.(*Server).Start	mainReactors starting ...
Thu May 19 15:48:17 2022	INFO	Logger	net/socket.go:125	cache-go/net.init.0	max socket listen Num is 	{"num": 4096}
Thu May 19 15:48:17 2022	INFO	Logger	net/cacheServer.go:53	cache-go/net.(*TcpCacheServer).Start	----------------------------------cache Server Start--------------------------------------
Thu May 19 15:48:17 2022	INFO	Logger	net/cacheServer.go:54	cache-go/net.(*TcpCacheServer).Start	info:	{"localAddr": ":8081", "react timeout": 0}
Thu May 19 15:48:17 2022	INFO	Logger	net/server.go:72	cache-go/net.(*Server).Start	subReactors starting ...
Thu May 19 15:48:17 2022	INFO	Logger	net/server.go:87	cache-go/net.(*Server).Start	mainReactors starting ...
Thu May 19 15:50:39 2022	INFO	Logger	net/socket.go:125	cache-go/net.init.0	max socket listen Num is 	{"num": 4096}
Thu May 19 15:50:39 2022	INFO	Logger	net/cacheServer.go:53	cache-go/net.(*TcpCacheServer).Start	----------------------------------cache Server Start--------------------------------------
Thu May 19 15:50:39 2022	INFO	Logger	net/cacheServer.go:54	cache-go/net.(*TcpCacheServer).Start	info:	{"localAddr": ":8081", "react timeout": 0}
Thu May 19 15:50:39 2022	INFO	Logger	net/tcpPeerPicker.go:76	cache-go/net.(*tcpPeerPicker).start	----------------------------------Peer  Picker Start--------------------------------------
Thu May 19 15:50:39 2022	INFO	Logger	net/tcpPeerPicker.go:77	cache-go/net.(*tcpPeerPicker).start	info:	{"addr size": 0, "remote addr": []}
Thu May 19 15:50:39 2022	INFO	Logger	net/server.go:72	cache-go/net.(*Server).Start	subReactors starting ...
Thu May 19 15:50:39 2022	INFO	Logger	net/server.go:87	cache-go/net.(*Server).Start	mainReactors starting ...
Thu May 19 15:51:40 2022	INFO	Logger	net/socket.go:125	cache-go/net.init.0	max socket listen Num is 	{"num": 4096}
Thu May 19 15:52:21 2022	INFO	Logger	net/socket.go:125	cache-go/net.init.0	max socket listen Num is 	{"num": 4096}
Thu May 19 15:52:21 2022	INFO	Logger	net/cacheServer.go:53	cache-go/net.(*TcpCacheServer).Start	----------------------------------cache Server Start--------------------------------------
Thu May 19 15:52:21 2022	INFO	Logger	net/cacheServer.go:54	cache-go/net.(*TcpCacheServer).Start	info:	{"localAddr": ":8081", "react timeout": 0}
Thu May 19 15:52:21 2022	INFO	Logger	net/tcpPeerPicker.go:77	cache-go/net.(*tcpPeerPicker).start	----------------------------------Peer  Picker Start--------------------------------------
Thu May 19 15:52:21 2022	INFO	Logger	net/tcpPeerPicker.go:78	cache-go/net.(*tcpPeerPicker).start	info:	{"addr size": 1, "remote addr": [":8081"]}
Thu May 19 15:52:21 2022	INFO	Logger	net/server.go:72	cache-go/net.(*Server).Start	subReactors starting ...
Thu May 19 15:52:21 2022	INFO	Logger	net/server.go:87	cache-go/net.(*Server).Start	mainReactors starting ...
Thu May 19 15:55:13 2022	INFO	Logger	net/socket.go:125	cache-go/net.init.0	max socket listen Num is 	{"num": 4096}
Thu May 19 15:55:13 2022	INFO	Logger	net/cacheServer.go:53	cache-go/net.(*TcpCacheServer).Start	----------------------------------cache Server Start--------------------------------------
Thu May 19 15:55:13 2022	INFO	Logger	net/cacheServer.go:54	cache-go/net.(*TcpCacheServer).Start	info:	{"localAddr": "127.0.0.1:8081", "react timeout": 0}
Thu May 19 15:55:13 2022	INFO	Logger	net/tcpPeerPicker.go:77	cache-go/net.(*tcpPeerPicker).start	----------------------------------Peer  Picker Start--------------------------------------
Thu May 19 15:55:13 2022	INFO	Logger	net/tcpPeerPicker.go:78	cache-go/net.(*tcpPeerPicker).start	info:	{"addr size": 2, "remote addr": ["127.0.0.1:8081", "192.168.1.103:5200"]}
Thu May 19 15:55:13 2022	INFO	Logger	net/server.go:72	cache-go/net.(*Server).Start	subReactors starting ...
Thu May 19 15:55:13 2022	INFO	Logger	net/server.go:87	cache-go/net.(*Server).Start	mainReactors starting ...
Thu May 19 16:08:05 2022	INFO	Logger	net/socket.go:125	cache-go/net.init.0	max socket listen Num is 	{"num": 4096}
Thu May 19 16:08:05 2022	INFO	Logger	net/cacheServer.go:53	cache-go/net.(*TcpCacheServer).Start	----------------------------------cache Server Start--------------------------------------
Thu May 19 16:08:05 2022	INFO	Logger	net/cacheServer.go:54	cache-go/net.(*TcpCacheServer).Start	info:	{"localAddr": "127.0.0.1:8081", "react timeout": 0}
Thu May 19 16:08:05 2022	INFO	Logger	net/tcpPeerPicker.go:77	cache-go/net.(*tcpPeerPicker).start	----------------------------------Peer  Picker Start--------------------------------------
Thu May 19 16:08:05 2022	INFO	Logger	net/tcpPeerPicker.go:78	cache-go/net.(*tcpPeerPicker).start	info:	{"addr size": 1, "remote addr": ["127.0.0.1:8081"]}
Thu May 19 16:08:05 2022	INFO	Logger	net/server.go:72	cache-go/net.(*Server).Start	subReactors starting ...
Thu May 19 16:08:05 2022	INFO	Logger	net/server.go:87	cache-go/net.(*Server).Start	mainReactors starting ...
Thu May 19 16:08:17 2022	INFO	Logger	net/socket.go:125	cache-go/net.init.0	max socket listen Num is 	{"num": 4096}
Thu May 19 16:08:29 2022	INFO	Logger	net/socket.go:125	cache-go/net.init.0	max socket listen Num is 	{"num": 4096}
Thu May 19 16:09:00 2022	INFO	Logger	net/socket.go:125	cache-go/net.init.0	max socket listen Num is 	{"num": 4096}
Thu May 19 16:09:34 2022	INFO	Logger	net/socket.go:125	cache-go/net.init.0	max socket listen Num is 	{"num": 4096}
Thu May 19 16:09:34 2022	INFO	Logger	net/server.go:72	cache-go/net.(*Server).Start	subReactors starting ...
Thu May 19 16:09:34 2022	INFO	Logger	net/server.go:87	cache-go/net.(*Server).Start	mainReactors starting ...
Thu May 19 16:15:50 2022	INFO	Logger	net/socket.go:125	cache-go/net.init.0	max socket listen Num is 	{"num": 4096}
Thu May 19 16:15:59 2022	INFO	Logger	net/socket.go:125	cache-go/net.init.0	max socket listen Num is 	{"num": 4096}
Thu May 19 16:16:01 2022	INFO	Logger	net/socket.go:125	cache-go/net.init.0	max socket listen Num is 	{"num": 4096}
Thu May 19 16:16:05 2022	INFO	Logger	net/socket.go:125	cache-go/net.init.0	max socket listen Num is 	{"num": 4096}
