Sun May 15 09:38:16 2022	INFO	Logger	net/socket.go:125	cache-go/net.init.0	max socket listen Num is 	{"num": 4096}
Sun May 15 09:38:26 2022	INFO	Logger	net/socket.go:125	cache-go/net.init.0	max socket listen Num is 	{"num": 4096}
Sun May 15 09:40:01 2022	INFO	Logger	net/socket.go:125	cache-go/net.init.0	max socket listen Num is 	{"num": 4096}
Sun May 15 09:40:19 2022	INFO	Logger	net/socket.go:125	cache-go/net.init.0	max socket listen Num is 	{"num": 4096}
Sun May 15 09:40:25 2022	INFO	Logger	net/socket.go:125	cache-go/net.init.0	max socket listen Num is 	{"num": 4096}
Sun May 15 09:44:10 2022	INFO	Logger	net/socket.go:125	cache-go/net.init.0	max socket listen Num is 	{"num": 4096}
Sun May 15 09:45:06 2022	INFO	Logger	net/socket.go:125	cache-go/net.init.0	max socket listen Num is 	{"num": 4096}
Sun May 15 09:45:08 2022	INFO	Logger	net/socket.go:125	cache-go/net.init.0	max socket listen Num is 	{"num": 4096}
Sun May 15 09:46:30 2022	INFO	Logger	net/socket.go:125	cache-go/net.init.0	max socket listen Num is 	{"num": 4096}
Sun May 15 09:46:30 2022	INFO	Logger	net/server.go:66	cache-go/net.(*Server).Start	subReactors starting ...
Sun May 15 09:46:30 2022	INFO	Logger	net/server.go:81	cache-go/net.(*Server).Start	mainReactors starting ...
Sun May 15 09:46:33 2022	INFO	Logger	net/socket.go:125	cache-go/net.init.0	max socket listen Num is 	{"num": 4096}
Sun May 15 09:48:11 2022	INFO	Logger	net/socket.go:125	cache-go/net.init.0	max socket listen Num is 	{"num": 4096}
Sun May 15 09:48:11 2022	INFO	Logger	net/server.go:66	cache-go/net.(*Server).Start	subReactors starting ...
Sun May 15 09:48:11 2022	INFO	Logger	net/server.go:81	cache-go/net.(*Server).Start	mainReactors starting ...
Sun May 15 09:48:58 2022	INFO	Logger	net/socket.go:125	cache-go/net.init.0	max socket listen Num is 	{"num": 4096}
Sun May 15 09:49:16 2022	INFO	Logger	net/socket.go:125	cache-go/net.init.0	max socket listen Num is 	{"num": 4096}
Sun May 15 09:50:14 2022	INFO	Logger	net/socket.go:125	cache-go/net.init.0	max socket listen Num is 	{"num": 4096}
Sun May 15 09:50:52 2022	INFO	Logger	net/socket.go:125	cache-go/net.init.0	max socket listen Num is 	{"num": 4096}
Sun May 15 09:51:12 2022	INFO	Logger	net/socket.go:125	cache-go/net.init.0	max socket listen Num is 	{"num": 4096}
Sun May 15 09:51:58 2022	INFO	Logger	net/socket.go:125	cache-go/net.init.0	max socket listen Num is 	{"num": 4096}
Sun May 15 09:52:50 2022	INFO	Logger	net/socket.go:125	cache-go/net.init.0	max socket listen Num is 	{"num": 4096}
Sun May 15 09:54:17 2022	INFO	Logger	net/socket.go:125	cache-go/net.init.0	max socket listen Num is 	{"num": 4096}
Sun May 15 09:54:48 2022	INFO	Logger	net/socket.go:125	cache-go/net.init.0	max socket listen Num is 	{"num": 4096}
Sun May 15 09:55:31 2022	INFO	Logger	net/socket.go:125	cache-go/net.init.0	max socket listen Num is 	{"num": 4096}
Sun May 15 09:55:52 2022	INFO	Logger	net/socket.go:125	cache-go/net.init.0	max socket listen Num is 	{"num": 4096}
Sun May 15 09:56:42 2022	INFO	Logger	net/socket.go:125	cache-go/net.init.0	max socket listen Num is 	{"num": 4096}
Sun May 15 09:56:57 2022	INFO	Logger	net/socket.go:125	cache-go/net.init.0	max socket listen Num is 	{"num": 4096}
Sun May 15 09:57:04 2022	INFO	Logger	net/socket.go:125	cache-go/net.init.0	max socket listen Num is 	{"num": 4096}
Sun May 15 09:57:04 2022	INFO	Logger	net/server.go:66	cache-go/net.(*Server).Start	subReactors starting ...
Sun May 15 09:57:04 2022	INFO	Logger	net/server.go:81	cache-go/net.(*Server).Start	mainReactors starting ...
Sun May 15 09:57:11 2022	INFO	Logger	net/socket.go:125	cache-go/net.init.0	max socket listen Num is 	{"num": 4096}
Sun May 15 09:58:13 2022	INFO	Logger	net/socket.go:125	cache-go/net.init.0	max socket listen Num is 	{"num": 4096}
Sun May 15 09:58:19 2022	INFO	Logger	net/socket.go:125	cache-go/net.init.0	max socket listen Num is 	{"num": 4096}
Sun May 15 09:58:19 2022	INFO	Logger	net/server.go:66	cache-go/net.(*Server).Start	subReactors starting ...
Sun May 15 09:58:19 2022	INFO	Logger	net/server.go:81	cache-go/net.(*Server).Start	mainReactors starting ...
Sun May 15 09:58:21 2022	INFO	Logger	net/socket.go:125	cache-go/net.init.0	max socket listen Num is 	{"num": 4096}
Sun May 15 09:58:36 2022	INFO	Logger	net/socket.go:125	cache-go/net.init.0	max socket listen Num is 	{"num": 4096}
Sun May 15 09:58:40 2022	INFO	Logger	net/socket.go:125	cache-go/net.init.0	max socket listen Num is 	{"num": 4096}
Sun May 15 09:58:40 2022	INFO	Logger	net/server.go:66	cache-go/net.(*Server).Start	subReactors starting ...
Sun May 15 09:58:40 2022	INFO	Logger	net/server.go:81	cache-go/net.(*Server).Start	mainReactors starting ...
Sun May 15 09:58:43 2022	INFO	Logger	net/socket.go:125	cache-go/net.init.0	max socket listen Num is 	{"num": 4096}
Sun May 15 09:59:28 2022	INFO	Logger	net/socket.go:125	cache-go/net.init.0	max socket listen Num is 	{"num": 4096}
Sun May 15 09:59:30 2022	INFO	Logger	net/socket.go:125	cache-go/net.init.0	max socket listen Num is 	{"num": 4096}
Sun May 15 09:59:30 2022	INFO	Logger	net/server.go:66	cache-go/net.(*Server).Start	subReactors starting ...
Sun May 15 09:59:30 2022	INFO	Logger	net/server.go:81	cache-go/net.(*Server).Start	mainReactors starting ...
Sun May 15 09:59:32 2022	INFO	Logger	net/socket.go:125	cache-go/net.init.0	max socket listen Num is 	{"num": 4096}
Sun May 15 10:00:00 2022	INFO	Logger	net/socket.go:125	cache-go/net.init.0	max socket listen Num is 	{"num": 4096}
Sun May 15 10:00:04 2022	INFO	Logger	net/socket.go:125	cache-go/net.init.0	max socket listen Num is 	{"num": 4096}
Sun May 15 10:00:04 2022	INFO	Logger	net/server.go:66	cache-go/net.(*Server).Start	subReactors starting ...
Sun May 15 10:00:04 2022	INFO	Logger	net/server.go:81	cache-go/net.(*Server).Start	mainReactors starting ...
Sun May 15 10:00:23 2022	INFO	Logger	net/socket.go:125	cache-go/net.init.0	max socket listen Num is 	{"num": 4096}
Sun May 15 10:03:26 2022	INFO	Logger	net/socket.go:125	cache-go/net.init.0	max socket listen Num is 	{"num": 4096}
Sun May 15 10:03:26 2022	INFO	Logger	net/server.go:66	cache-go/net.(*Server).Start	subReactors starting ...
Sun May 15 10:03:26 2022	INFO	Logger	net/server.go:81	cache-go/net.(*Server).Start	mainReactors starting ...
Sun May 15 10:03:31 2022	INFO	Logger	net/socket.go:125	cache-go/net.init.0	max socket listen Num is 	{"num": 4096}
Sun May 15 10:05:10 2022	INFO	Logger	net/socket.go:125	cache-go/net.init.0	max socket listen Num is 	{"num": 4096}
Sun May 15 10:05:10 2022	INFO	Logger	net/server.go:66	cache-go/net.(*Server).Start	subReactors starting ...
Sun May 15 10:05:10 2022	INFO	Logger	net/server.go:81	cache-go/net.(*Server).Start	mainReactors starting ...
Sun May 15 10:05:13 2022	INFO	Logger	net/socket.go:125	cache-go/net.init.0	max socket listen Num is 	{"num": 4096}
Sun May 15 10:05:52 2022	INFO	Logger	net/socket.go:125	cache-go/net.init.0	max socket listen Num is 	{"num": 4096}
Sun May 15 10:05:52 2022	INFO	Logger	net/server.go:66	cache-go/net.(*Server).Start	subReactors starting ...
Sun May 15 10:05:52 2022	INFO	Logger	net/server.go:81	cache-go/net.(*Server).Start	mainReactors starting ...
Sun May 15 10:05:56 2022	INFO	Logger	net/socket.go:125	cache-go/net.init.0	max socket listen Num is 	{"num": 4096}
Sun May 15 10:07:51 2022	INFO	Logger	net/socket.go:125	cache-go/net.init.0	max socket listen Num is 	{"num": 4096}
Sun May 15 10:08:48 2022	INFO	Logger	net/socket.go:125	cache-go/net.init.0	max socket listen Num is 	{"num": 4096}
Sun May 15 10:10:33 2022	INFO	Logger	net/socket.go:125	cache-go/net.init.0	max socket listen Num is 	{"num": 4096}
Sun May 15 10:11:24 2022	INFO	Logger	net/socket.go:125	cache-go/net.init.0	max socket listen Num is 	{"num": 4096}
Sun May 15 10:12:17 2022	INFO	Logger	net/socket.go:125	cache-go/net.init.0	max socket listen Num is 	{"num": 4096}
Sun May 15 10:13:16 2022	INFO	Logger	net/socket.go:125	cache-go/net.init.0	max socket listen Num is 	{"num": 4096}
Sun May 15 10:14:14 2022	INFO	Logger	net/socket.go:125	cache-go/net.init.0	max socket listen Num is 	{"num": 4096}
Sun May 15 10:14:30 2022	INFO	Logger	net/socket.go:125	cache-go/net.init.0	max socket listen Num is 	{"num": 4096}
Sun May 15 10:14:58 2022	INFO	Logger	net/socket.go:125	cache-go/net.init.0	max socket listen Num is 	{"num": 4096}
Sun May 15 10:15:12 2022	INFO	Logger	net/socket.go:125	cache-go/net.init.0	max socket listen Num is 	{"num": 4096}
Sun May 15 10:15:43 2022	INFO	Logger	net/socket.go:125	cache-go/net.init.0	max socket listen Num is 	{"num": 4096}
Sun May 15 10:18:05 2022	INFO	Logger	net/socket.go:125	cache-go/net.init.0	max socket listen Num is 	{"num": 4096}
Sun May 15 10:18:05 2022	INFO	Logger	net/server.go:66	cache-go/net.(*Server).Start	subReactors starting ...
Sun May 15 10:18:05 2022	INFO	Logger	net/server.go:81	cache-go/net.(*Server).Start	mainReactors starting ...
Sun May 15 10:18:13 2022	INFO	Logger	net/socket.go:125	cache-go/net.init.0	max socket listen Num is 	{"num": 4096}
Sun May 15 10:18:18 2022	INFO	Logger	net/socket.go:125	cache-go/net.init.0	max socket listen Num is 	{"num": 4096}
Sun May 15 10:18:35 2022	INFO	Logger	net/socket.go:125	cache-go/net.init.0	max socket listen Num is 	{"num": 4096}
Sun May 15 10:18:39 2022	INFO	Logger	net/socket.go:125	cache-go/net.init.0	max socket listen Num is 	{"num": 4096}
Sun May 15 10:18:39 2022	INFO	Logger	net/server.go:66	cache-go/net.(*Server).Start	subReactors starting ...
Sun May 15 10:18:39 2022	INFO	Logger	net/server.go:81	cache-go/net.(*Server).Start	mainReactors starting ...
Sun May 15 10:18:41 2022	INFO	Logger	net/socket.go:125	cache-go/net.init.0	max socket listen Num is 	{"num": 4096}
Sun May 15 10:21:36 2022	INFO	Logger	net/socket.go:125	cache-go/net.init.0	max socket listen Num is 	{"num": 4096}
Sun May 15 10:21:36 2022	INFO	Logger	net/server.go:66	cache-go/net.(*Server).Start	subReactors starting ...
Sun May 15 10:21:36 2022	INFO	Logger	net/server.go:81	cache-go/net.(*Server).Start	mainReactors starting ...
Sun May 15 10:21:43 2022	INFO	Logger	net/socket.go:125	cache-go/net.init.0	max socket listen Num is 	{"num": 4096}
Sun May 15 10:22:07 2022	INFO	Logger	net/socket.go:125	cache-go/net.init.0	max socket listen Num is 	{"num": 4096}
Sun May 15 10:22:07 2022	INFO	Logger	net/server.go:66	cache-go/net.(*Server).Start	subReactors starting ...
Sun May 15 10:22:07 2022	INFO	Logger	net/server.go:81	cache-go/net.(*Server).Start	mainReactors starting ...
Sun May 15 10:22:10 2022	INFO	Logger	net/socket.go:125	cache-go/net.init.0	max socket listen Num is 	{"num": 4096}
Sun May 15 10:22:45 2022	INFO	Logger	net/socket.go:125	cache-go/net.init.0	max socket listen Num is 	{"num": 4096}
Sun May 15 10:22:45 2022	INFO	Logger	net/server.go:66	cache-go/net.(*Server).Start	subReactors starting ...
Sun May 15 10:22:45 2022	INFO	Logger	net/server.go:81	cache-go/net.(*Server).Start	mainReactors starting ...
Sun May 15 10:22:48 2022	INFO	Logger	net/socket.go:125	cache-go/net.init.0	max socket listen Num is 	{"num": 4096}
Sun May 15 10:25:57 2022	INFO	Logger	net/socket.go:125	cache-go/net.init.0	max socket listen Num is 	{"num": 4096}
Sun May 15 10:25:57 2022	INFO	Logger	net/server.go:66	cache-go/net.(*Server).Start	subReactors starting ...
Sun May 15 10:25:57 2022	INFO	Logger	net/server.go:81	cache-go/net.(*Server).Start	mainReactors starting ...
Sun May 15 10:26:00 2022	INFO	Logger	net/socket.go:125	cache-go/net.init.0	max socket listen Num is 	{"num": 4096}
Sun May 15 10:26:28 2022	INFO	Logger	net/socket.go:125	cache-go/net.init.0	max socket listen Num is 	{"num": 4096}
Sun May 15 10:26:31 2022	INFO	Logger	net/socket.go:125	cache-go/net.init.0	max socket listen Num is 	{"num": 4096}
Sun May 15 10:26:43 2022	INFO	Logger	net/socket.go:125	cache-go/net.init.0	max socket listen Num is 	{"num": 4096}
Sun May 15 10:26:48 2022	INFO	Logger	net/socket.go:125	cache-go/net.init.0	max socket listen Num is 	{"num": 4096}
Sun May 15 10:28:07 2022	INFO	Logger	net/socket.go:125	cache-go/net.init.0	max socket listen Num is 	{"num": 4096}
Sun May 15 10:28:07 2022	INFO	Logger	net/server.go:66	cache-go/net.(*Server).Start	subReactors starting ...
Sun May 15 10:28:07 2022	INFO	Logger	net/server.go:81	cache-go/net.(*Server).Start	mainReactors starting ...
Sun May 15 10:28:14 2022	INFO	Logger	net/socket.go:125	cache-go/net.init.0	max socket listen Num is 	{"num": 4096}
Sun May 15 10:28:17 2022	INFO	Logger	net/socket.go:125	cache-go/net.init.0	max socket listen Num is 	{"num": 4096}
Sun May 15 10:30:03 2022	INFO	Logger	net/socket.go:125	cache-go/net.init.0	max socket listen Num is 	{"num": 4096}
Sun May 15 10:30:03 2022	INFO	Logger	net/server.go:66	cache-go/net.(*Server).Start	subReactors starting ...
Sun May 15 10:30:03 2022	INFO	Logger	net/server.go:81	cache-go/net.(*Server).Start	mainReactors starting ...
Sun May 15 10:30:06 2022	INFO	Logger	net/socket.go:125	cache-go/net.init.0	max socket listen Num is 	{"num": 4096}
Sun May 15 10:30:06 2022	INFO	Logger	net/server.go:66	cache-go/net.(*Server).Start	subReactors starting ...
Sun May 15 10:30:06 2022	INFO	Logger	net/server.go:81	cache-go/net.(*Server).Start	mainReactors starting ...
Sun May 15 10:30:22 2022	INFO	Logger	net/eventLoop.go:175	cache-go/net.(*eventLoop).startSubReactors	subReactor shut down
Sun May 15 10:30:22 2022	INFO	Logger	net/eventLoop.go:175	cache-go/net.(*eventLoop).startSubReactors	subReactor shut down
Sun May 15 10:30:22 2022	INFO	Logger	net/eventLoop.go:175	cache-go/net.(*eventLoop).startSubReactors	subReactor shut down
Sun May 15 10:30:22 2022	INFO	Logger	net/eventLoop.go:175	cache-go/net.(*eventLoop).startSubReactors	subReactor shut down
Sun May 15 10:30:22 2022	INFO	Logger	net/eventLoop.go:175	cache-go/net.(*eventLoop).startSubReactors	subReactor shut down
Sun May 15 10:30:22 2022	INFO	Logger	net/eventLoop.go:175	cache-go/net.(*eventLoop).startSubReactors	subReactor shut down
Sun May 15 10:30:22 2022	INFO	Logger	net/eventLoop.go:175	cache-go/net.(*eventLoop).startSubReactors	subReactor shut down
Sun May 15 10:30:22 2022	INFO	Logger	net/eventLoop.go:187	cache-go/net.(*eventLoop).startMainReactor	main Reactor shut down
Sun May 15 10:30:22 2022	INFO	Logger	net/eventLoop.go:175	cache-go/net.(*eventLoop).startSubReactors	subReactor shut down
Sun May 15 10:30:55 2022	INFO	Logger	net/socket.go:125	cache-go/net.init.0	max socket listen Num is 	{"num": 4096}
Sun May 15 10:30:55 2022	INFO	Logger	net/server.go:66	cache-go/net.(*Server).Start	subReactors starting ...
Sun May 15 10:30:55 2022	INFO	Logger	net/server.go:81	cache-go/net.(*Server).Start	mainReactors starting ...
Sun May 15 10:31:03 2022	INFO	Logger	net/socket.go:125	cache-go/net.init.0	max socket listen Num is 	{"num": 4096}
Sun May 15 10:40:03 2022	INFO	Logger	net/socket.go:125	cache-go/net.init.0	max socket listen Num is 	{"num": 4096}
Sun May 15 10:40:03 2022	INFO	Logger	net/server.go:66	cache-go/net.(*Server).Start	subReactors starting ...
Sun May 15 10:40:03 2022	INFO	Logger	net/server.go:81	cache-go/net.(*Server).Start	mainReactors starting ...
Sun May 15 10:40:12 2022	INFO	Logger	net/socket.go:125	cache-go/net.init.0	max socket listen Num is 	{"num": 4096}
Sun May 15 10:42:45 2022	INFO	Logger	net/socket.go:125	cache-go/net.init.0	max socket listen Num is 	{"num": 4096}
Sun May 15 10:44:32 2022	INFO	Logger	net/socket.go:125	cache-go/net.init.0	max socket listen Num is 	{"num": 4096}
Sun May 15 10:44:32 2022	INFO	Logger	net/server.go:66	cache-go/net.(*Server).Start	subReactors starting ...
Sun May 15 10:44:32 2022	INFO	Logger	net/server.go:81	cache-go/net.(*Server).Start	mainReactors starting ...
Sun May 15 10:44:37 2022	INFO	Logger	net/socket.go:125	cache-go/net.init.0	max socket listen Num is 	{"num": 4096}
Sun May 15 10:46:04 2022	INFO	Logger	net/socket.go:125	cache-go/net.init.0	max socket listen Num is 	{"num": 4096}
Sun May 15 10:46:04 2022	INFO	Logger	net/server.go:66	cache-go/net.(*Server).Start	subReactors starting ...
Sun May 15 10:46:04 2022	INFO	Logger	net/server.go:81	cache-go/net.(*Server).Start	mainReactors starting ...
Sun May 15 10:46:09 2022	INFO	Logger	net/socket.go:125	cache-go/net.init.0	max socket listen Num is 	{"num": 4096}
Sun May 15 10:46:57 2022	INFO	Logger	net/socket.go:125	cache-go/net.init.0	max socket listen Num is 	{"num": 4096}
Sun May 15 10:47:07 2022	INFO	Logger	net/socket.go:125	cache-go/net.init.0	max socket listen Num is 	{"num": 4096}
Sun May 15 12:26:22 2022	INFO	Logger	cache_go/socket.go:125	cache-go/cache_go.init.0	max socket listen Num is 	{"num": 4096}
Sun May 15 12:26:22 2022	INFO	Logger	cache_go/server.go:66	cache-go/cache_go.(*Server).Start	subReactors starting ...
Sun May 15 12:26:22 2022	INFO	Logger	cache_go/server.go:81	cache-go/cache_go.(*Server).Start	mainReactors starting ...
Sun May 15 12:26:53 2022	INFO	Logger	cache_go/socket.go:125	cache-go/cache_go.init.0	max socket listen Num is 	{"num": 4096}
Sun May 15 12:27:17 2022	INFO	Logger	cache_go/socket.go:125	cache-go/cache_go.init.0	max socket listen Num is 	{"num": 4096}
