Sat May 21 15:15:08 2022	INFO	Logger	net/socket.go:125	cache-go/net.init.0	max socket listen Num is 	{"num": 4096}
Sat May 21 15:19:18 2022	INFO	Logger	net/socket.go:125	cache-go/net.init.0	max socket listen Num is 	{"num": 4096}
Sat May 21 15:19:57 2022	INFO	Logger	net/socket.go:125	cache-go/net.init.0	max socket listen Num is 	{"num": 4096}
Sat May 21 15:20:37 2022	INFO	Logger	net/socket.go:125	cache-go/net.init.0	max socket listen Num is 	{"num": 4096}
Sat May 21 15:22:22 2022	INFO	Logger	net/socket.go:125	cache-go/net.init.0	max socket listen Num is 	{"num": 4096}
Sat May 21 15:22:45 2022	INFO	Logger	net/socket.go:125	cache-go/net.init.0	max socket listen Num is 	{"num": 4096}
Sat May 21 15:23:18 2022	INFO	Logger	net/socket.go:125	cache-go/net.init.0	max socket listen Num is 	{"num": 4096}
Sat May 21 15:23:38 2022	INFO	Logger	net/socket.go:125	cache-go/net.init.0	max socket listen Num is 	{"num": 4096}
Sat May 21 15:34:11 2022	INFO	Logger	net/socket.go:125	cache-go/net.init.0	max socket listen Num is 	{"num": 4096}
Sat May 21 15:37:11 2022	INFO	Logger	net/socket.go:125	cache-go/net.init.0	max socket listen Num is 	{"num": 4096}
Sat May 21 15:38:17 2022	INFO	Logger	net/socket.go:125	cache-go/net.init.0	max socket listen Num is 	{"num": 4096}
Sat May 21 15:38:44 2022	INFO	Logger	net/socket.go:125	cache-go/net.init.0	max socket listen Num is 	{"num": 4096}
Sat May 21 15:39:03 2022	INFO	Logger	net/socket.go:125	cache-go/net.init.0	max socket listen Num is 	{"num": 4096}
Sat May 21 15:43:46 2022	INFO	Logger	net/socket.go:125	cache-go/net.init.0	max socket listen Num is 	{"num": 4096}
Sat May 21 15:53:52 2022	INFO	Logger	net/socket.go:125	cache-go/net.init.0	max socket listen Num is 	{"num": 4096}
Sat May 21 15:53:57 2022	INFO	Logger	net/socket.go:125	cache-go/net.init.0	max socket listen Num is 	{"num": 4096}
Sat May 21 15:58:19 2022	INFO	Logger	net/socket.go:125	cache-go/net.init.0	max socket listen Num is 	{"num": 4096}
Sat May 21 15:58:29 2022	INFO	Logger	net/socket.go:125	cache-go/net.init.0	max socket listen Num is 	{"num": 4096}
Sat May 21 16:01:43 2022	INFO	Logger	net/socket.go:125	cache-go/net.init.0	max socket listen Num is 	{"num": 4096}
Sat May 21 16:01:53 2022	INFO	Logger	net/socket.go:125	cache-go/net.init.0	max socket listen Num is 	{"num": 4096}
Sat May 21 16:10:53 2022	INFO	Logger	net/socket.go:125	cache-go/net.init.0	max socket listen Num is 	{"num": 4096}
Sat May 21 16:26:10 2022	INFO	Logger	net/socket.go:125	cache-go/net.init.0	max socket listen Num is 	{"num": 4096}
Sat May 21 16:26:34 2022	INFO	Logger	net/socket.go:125	cache-go/net.init.0	max socket listen Num is 	{"num": 4096}
Sat May 21 16:27:16 2022	INFO	Logger	net/socket.go:125	cache-go/net.init.0	max socket listen Num is 	{"num": 4096}
Sat May 21 16:27:38 2022	INFO	Logger	net/socket.go:125	cache-go/net.init.0	max socket listen Num is 	{"num": 4096}
Sat May 21 16:28:38 2022	INFO	Logger	net/socket.go:125	cache-go/net.init.0	max socket listen Num is 	{"num": 4096}
Sat May 21 16:29:56 2022	INFO	Logger	net/socket.go:125	cache-go/net.init.0	max socket listen Num is 	{"num": 4096}
Sat May 21 16:30:11 2022	INFO	Logger	net/socket.go:125	cache-go/net.init.0	max socket listen Num is 	{"num": 4096}
Sat May 21 16:30:22 2022	INFO	Logger	net/socket.go:125	cache-go/net.init.0	max socket listen Num is 	{"num": 4096}
Sat May 21 16:30:30 2022	INFO	Logger	net/socket.go:125	cache-go/net.init.0	max socket listen Num is 	{"num": 4096}
Sat May 21 16:31:02 2022	INFO	Logger	net/socket.go:125	cache-go/net.init.0	max socket listen Num is 	{"num": 4096}
Sat May 21 16:31:38 2022	INFO	Logger	net/socket.go:125	cache-go/net.init.0	max socket listen Num is 	{"num": 4096}
Sat May 21 16:32:21 2022	INFO	Logger	net/socket.go:125	cache-go/net.init.0	max socket listen Num is 	{"num": 4096}
Sat May 21 16:32:29 2022	INFO	Logger	net/socket.go:125	cache-go/net.init.0	max socket listen Num is 	{"num": 4096}
Sat May 21 16:32:42 2022	INFO	Logger	net/socket.go:125	cache-go/net.init.0	max socket listen Num is 	{"num": 4096}
Sat May 21 16:33:01 2022	INFO	Logger	net/socket.go:125	cache-go/net.init.0	max socket listen Num is 	{"num": 4096}
Sat May 21 16:37:50 2022	INFO	Logger	net/socket.go:125	cache-go/net.init.0	max socket listen Num is 	{"num": 4096}
Sat May 21 16:37:50 2022	INFO	Logger	net/server.go:72	cache-go/net.(*Server).Start	subReactors starting ...
Sat May 21 16:37:50 2022	INFO	Logger	net/server.go:87	cache-go/net.(*Server).Start	mainReactors starting ...
Sat May 21 16:38:21 2022	INFO	Logger	net/socket.go:125	cache-go/net.init.0	max socket listen Num is 	{"num": 4096}
Sat May 21 16:38:21 2022	INFO	Logger	net/server.go:72	cache-go/net.(*Server).Start	subReactors starting ...
Sat May 21 16:38:21 2022	INFO	Logger	net/server.go:87	cache-go/net.(*Server).Start	mainReactors starting ...
Sat May 21 16:40:59 2022	INFO	Logger	net/socket.go:125	cache-go/net.init.0	max socket listen Num is 	{"num": 4096}
Sat May 21 16:41:08 2022	INFO	Logger	net/socket.go:125	cache-go/net.init.0	max socket listen Num is 	{"num": 4096}
Sat May 21 16:41:18 2022	INFO	Logger	net/socket.go:125	cache-go/net.init.0	max socket listen Num is 	{"num": 4096}
Sat May 21 16:41:41 2022	INFO	Logger	net/socket.go:125	cache-go/net.init.0	max socket listen Num is 	{"num": 4096}
Sat May 21 16:41:53 2022	INFO	Logger	net/socket.go:125	cache-go/net.init.0	max socket listen Num is 	{"num": 4096}
Sat May 21 16:42:19 2022	INFO	Logger	net/socket.go:125	cache-go/net.init.0	max socket listen Num is 	{"num": 4096}
Sat May 21 16:43:15 2022	INFO	Logger	net/socket.go:125	cache-go/net.init.0	max socket listen Num is 	{"num": 4096}
Sat May 21 16:43:53 2022	INFO	Logger	net/socket.go:125	cache-go/net.init.0	max socket listen Num is 	{"num": 4096}
Sat May 21 16:44:00 2022	INFO	Logger	net/socket.go:125	cache-go/net.init.0	max socket listen Num is 	{"num": 4096}
Sat May 21 16:44:53 2022	INFO	Logger	net/socket.go:125	cache-go/net.init.0	max socket listen Num is 	{"num": 4096}
Sat May 21 16:46:36 2022	INFO	Logger	net/socket.go:125	cache-go/net.init.0	max socket listen Num is 	{"num": 4096}
Sat May 21 16:48:31 2022	INFO	Logger	net/socket.go:125	cache-go/net.init.0	max socket listen Num is 	{"num": 4096}
Sat May 21 16:48:56 2022	INFO	Logger	net/socket.go:125	cache-go/net.init.0	max socket listen Num is 	{"num": 4096}
Sat May 21 16:49:13 2022	INFO	Logger	net/socket.go:125	cache-go/net.init.0	max socket listen Num is 	{"num": 4096}
Sat May 21 16:50:14 2022	INFO	Logger	net/socket.go:125	cache-go/net.init.0	max socket listen Num is 	{"num": 4096}
Sat May 21 16:51:20 2022	INFO	Logger	net/socket.go:125	cache-go/net.init.0	max socket listen Num is 	{"num": 4096}
Sat May 21 16:56:15 2022	INFO	Logger	net/socket.go:125	cache-go/net.init.0	max socket listen Num is 	{"num": 4096}
Sat May 21 16:56:21 2022	INFO	Logger	net/socket.go:125	cache-go/net.init.0	max socket listen Num is 	{"num": 4096}
Sat May 21 16:56:40 2022	INFO	Logger	net/socket.go:125	cache-go/net.init.0	max socket listen Num is 	{"num": 4096}
Sat May 21 16:57:37 2022	INFO	Logger	net/socket.go:125	cache-go/net.init.0	max socket listen Num is 	{"num": 4096}
Sat May 21 16:57:56 2022	INFO	Logger	net/socket.go:125	cache-go/net.init.0	max socket listen Num is 	{"num": 4096}
Sat May 21 16:58:01 2022	INFO	Logger	net/socket.go:125	cache-go/net.init.0	max socket listen Num is 	{"num": 4096}
Sat May 21 16:58:06 2022	INFO	Logger	net/socket.go:125	cache-go/net.init.0	max socket listen Num is 	{"num": 4096}
Sat May 21 16:58:17 2022	INFO	Logger	net/socket.go:125	cache-go/net.init.0	max socket listen Num is 	{"num": 4096}
Sat May 21 16:58:29 2022	INFO	Logger	net/socket.go:125	cache-go/net.init.0	max socket listen Num is 	{"num": 4096}
Sat May 21 16:58:59 2022	INFO	Logger	net/socket.go:125	cache-go/net.init.0	max socket listen Num is 	{"num": 4096}
Sat May 21 16:59:12 2022	INFO	Logger	net/socket.go:125	cache-go/net.init.0	max socket listen Num is 	{"num": 4096}
Sat May 21 16:59:22 2022	INFO	Logger	net/socket.go:125	cache-go/net.init.0	max socket listen Num is 	{"num": 4096}
Sat May 21 17:01:46 2022	INFO	Logger	net/socket.go:125	cache-go/net.init.0	max socket listen Num is 	{"num": 4096}
Sat May 21 17:04:17 2022	INFO	Logger	net/socket.go:125	cache-go/net.init.0	max socket listen Num is 	{"num": 4096}
Sat May 21 17:04:31 2022	INFO	Logger	net/socket.go:125	cache-go/net.init.0	max socket listen Num is 	{"num": 4096}
Sat May 21 17:05:01 2022	INFO	Logger	net/socket.go:125	cache-go/net.init.0	max socket listen Num is 	{"num": 4096}
Sat May 21 17:09:07 2022	INFO	Logger	net/socket.go:125	cache-go/net.init.0	max socket listen Num is 	{"num": 4096}
Sat May 21 17:09:27 2022	INFO	Logger	net/socket.go:125	cache-go/net.init.0	max socket listen Num is 	{"num": 4096}
Sat May 21 17:09:39 2022	INFO	Logger	net/socket.go:125	cache-go/net.init.0	max socket listen Num is 	{"num": 4096}
Sat May 21 17:10:42 2022	INFO	Logger	net/socket.go:125	cache-go/net.init.0	max socket listen Num is 	{"num": 4096}
Sat May 21 17:10:52 2022	INFO	Logger	net/socket.go:125	cache-go/net.init.0	max socket listen Num is 	{"num": 4096}
Sat May 21 17:10:58 2022	INFO	Logger	net/socket.go:125	cache-go/net.init.0	max socket listen Num is 	{"num": 4096}
Sat May 21 17:11:01 2022	INFO	Logger	net/socket.go:125	cache-go/net.init.0	max socket listen Num is 	{"num": 4096}
Sat May 21 17:11:49 2022	INFO	Logger	net/socket.go:125	cache-go/net.init.0	max socket listen Num is 	{"num": 4096}
Sat May 21 17:11:55 2022	INFO	Logger	net/socket.go:125	cache-go/net.init.0	max socket listen Num is 	{"num": 4096}
Sat May 21 17:11:59 2022	INFO	Logger	net/socket.go:125	cache-go/net.init.0	max socket listen Num is 	{"num": 4096}
Sat May 21 17:12:03 2022	INFO	Logger	net/socket.go:125	cache-go/net.init.0	max socket listen Num is 	{"num": 4096}
Sat May 21 17:12:06 2022	INFO	Logger	net/socket.go:125	cache-go/net.init.0	max socket listen Num is 	{"num": 4096}
Sat May 21 17:12:11 2022	INFO	Logger	net/socket.go:125	cache-go/net.init.0	max socket listen Num is 	{"num": 4096}
Sat May 21 17:50:27 2022	INFO	Logger	net/socket.go:125	cache-go/net.init.0	max socket listen Num is 	{"num": 4096}
Sat May 21 17:50:42 2022	INFO	Logger	net/socket.go:125	cache-go/net.init.0	max socket listen Num is 	{"num": 4096}
Sat May 21 17:51:24 2022	INFO	Logger	net/socket.go:125	cache-go/net.init.0	max socket listen Num is 	{"num": 4096}
Sat May 21 17:51:27 2022	INFO	Logger	net/socket.go:125	cache-go/net.init.0	max socket listen Num is 	{"num": 4096}
Sat May 21 17:51:32 2022	INFO	Logger	net/socket.go:125	cache-go/net.init.0	max socket listen Num is 	{"num": 4096}
Sat May 21 17:55:24 2022	INFO	Logger	net/socket.go:125	cache-go/net.init.0	max socket listen Num is 	{"num": 4096}
Sat May 21 17:56:16 2022	INFO	Logger	net/socket.go:125	cache-go/net.init.0	max socket listen Num is 	{"num": 4096}
Sat May 21 17:56:25 2022	INFO	Logger	net/socket.go:125	cache-go/net.init.0	max socket listen Num is 	{"num": 4096}
Sat May 21 17:56:34 2022	INFO	Logger	net/socket.go:125	cache-go/net.init.0	max socket listen Num is 	{"num": 4096}
Sat May 21 17:58:37 2022	INFO	Logger	net/socket.go:125	cache-go/net.init.0	max socket listen Num is 	{"num": 4096}
Sat May 21 18:00:41 2022	INFO	Logger	net/socket.go:125	cache-go/net.init.0	max socket listen Num is 	{"num": 4096}
Sat May 21 18:00:50 2022	INFO	Logger	net/socket.go:125	cache-go/net.init.0	max socket listen Num is 	{"num": 4096}
Sat May 21 18:01:01 2022	INFO	Logger	net/socket.go:125	cache-go/net.init.0	max socket listen Num is 	{"num": 4096}
Sat May 21 18:01:14 2022	INFO	Logger	net/socket.go:125	cache-go/net.init.0	max socket listen Num is 	{"num": 4096}
Sat May 21 18:02:17 2022	INFO	Logger	net/socket.go:125	cache-go/net.init.0	max socket listen Num is 	{"num": 4096}
Sat May 21 18:02:24 2022	INFO	Logger	net/socket.go:125	cache-go/net.init.0	max socket listen Num is 	{"num": 4096}
Sat May 21 18:02:35 2022	INFO	Logger	net/socket.go:125	cache-go/net.init.0	max socket listen Num is 	{"num": 4096}
Sat May 21 18:05:34 2022	INFO	Logger	net/socket.go:125	cache-go/net.init.0	max socket listen Num is 	{"num": 4096}
Sat May 21 18:05:44 2022	INFO	Logger	net/socket.go:125	cache-go/net.init.0	max socket listen Num is 	{"num": 4096}
Sat May 21 18:06:07 2022	INFO	Logger	net/socket.go:125	cache-go/net.init.0	max socket listen Num is 	{"num": 4096}
Sat May 21 18:06:22 2022	INFO	Logger	net/socket.go:125	cache-go/net.init.0	max socket listen Num is 	{"num": 4096}
Sat May 21 18:23:04 2022	INFO	Logger	net/socket.go:125	cache-go/net.init.0	max socket listen Num is 	{"num": 4096}
Sat May 21 18:23:08 2022	INFO	Logger	net/socket.go:125	cache-go/net.init.0	max socket listen Num is 	{"num": 4096}
Sat May 21 18:54:13 2022	INFO	Logger	net/socket.go:125	cache-go/net.init.0	max socket listen Num is 	{"num": 4096}
Sat May 21 19:27:03 2022	INFO	Logger	net/socket.go:125	cache-go/net.init.0	max socket listen Num is 	{"num": 4096}
Sat May 21 19:27:10 2022	INFO	Logger	net/socket.go:125	cache-go/net.init.0	max socket listen Num is 	{"num": 4096}
Sat May 21 19:27:43 2022	INFO	Logger	net/socket.go:125	cache-go/net.init.0	max socket listen Num is 	{"num": 4096}
Sat May 21 19:27:47 2022	INFO	Logger	net/socket.go:125	cache-go/net.init.0	max socket listen Num is 	{"num": 4096}
Sat May 21 19:28:33 2022	INFO	Logger	net/socket.go:125	cache-go/net.init.0	max socket listen Num is 	{"num": 4096}
Sat May 21 19:29:23 2022	INFO	Logger	net/socket.go:125	cache-go/net.init.0	max socket listen Num is 	{"num": 4096}
Sat May 21 19:29:38 2022	INFO	Logger	net/socket.go:125	cache-go/net.init.0	max socket listen Num is 	{"num": 4096}
Sat May 21 20:33:59 2022	INFO	Logger	net/socket.go:125	cache-go/net.init.0	max socket listen Num is 	{"num": 4096}
Sat May 21 20:35:31 2022	INFO	Logger	net/socket.go:125	cache-go/net.init.0	max socket listen Num is 	{"num": 4096}
Sat May 21 20:36:31 2022	INFO	Logger	net/socket.go:125	cache-go/net.init.0	max socket listen Num is 	{"num": 4096}
Sat May 21 20:36:52 2022	INFO	Logger	net/socket.go:125	cache-go/net.init.0	max socket listen Num is 	{"num": 4096}
Sat May 21 20:42:27 2022	INFO	Logger	net/socket.go:125	cache-go/net.init.0	max socket listen Num is 	{"num": 4096}
Sat May 21 20:49:03 2022	INFO	Logger	net/socket.go:125	cache-go/net.init.0	max socket listen Num is 	{"num": 4096}
Sat May 21 20:51:16 2022	INFO	Logger	net/socket.go:125	cache-go/net.init.0	max socket listen Num is 	{"num": 4096}
Sat May 21 20:53:25 2022	INFO	Logger	net/socket.go:125	cache-go/net.init.0	max socket listen Num is 	{"num": 4096}
Sat May 21 20:53:55 2022	INFO	Logger	net/socket.go:125	cache-go/net.init.0	max socket listen Num is 	{"num": 4096}
Sat May 21 20:54:00 2022	INFO	Logger	net/socket.go:125	cache-go/net.init.0	max socket listen Num is 	{"num": 4096}
Sat May 21 20:54:12 2022	INFO	Logger	net/socket.go:125	cache-go/net.init.0	max socket listen Num is 	{"num": 4096}
Sat May 21 20:54:28 2022	INFO	Logger	net/socket.go:125	cache-go/net.init.0	max socket listen Num is 	{"num": 4096}
Sat May 21 20:56:36 2022	INFO	Logger	net/socket.go:125	cache-go/net.init.0	max socket listen Num is 	{"num": 4096}
Sat May 21 21:00:53 2022	INFO	Logger	net/socket.go:125	cache-go/net.init.0	max socket listen Num is 	{"num": 4096}
Sat May 21 21:07:50 2022	INFO	Logger	net/socket.go:125	cache-go/net.init.0	max socket listen Num is 	{"num": 4096}
Sat May 21 21:10:18 2022	INFO	Logger	net/socket.go:125	cache-go/net.init.0	max socket listen Num is 	{"num": 4096}
Sat May 21 21:12:01 2022	INFO	Logger	net/socket.go:125	cache-go/net.init.0	max socket listen Num is 	{"num": 4096}
Sat May 21 21:12:30 2022	INFO	Logger	net/socket.go:125	cache-go/net.init.0	max socket listen Num is 	{"num": 4096}
Sat May 21 21:15:41 2022	INFO	Logger	net/socket.go:125	cache-go/net.init.0	max socket listen Num is 	{"num": 4096}
Sat May 21 21:17:08 2022	INFO	Logger	net/socket.go:125	cache-go/net.init.0	max socket listen Num is 	{"num": 4096}
Sat May 21 21:17:33 2022	INFO	Logger	net/socket.go:125	cache-go/net.init.0	max socket listen Num is 	{"num": 4096}
Sat May 21 21:18:10 2022	INFO	Logger	net/socket.go:125	cache-go/net.init.0	max socket listen Num is 	{"num": 4096}
Sat May 21 21:18:36 2022	INFO	Logger	net/socket.go:125	cache-go/net.init.0	max socket listen Num is 	{"num": 4096}
Sat May 21 21:19:24 2022	INFO	Logger	net/socket.go:125	cache-go/net.init.0	max socket listen Num is 	{"num": 4096}
Sat May 21 21:20:06 2022	INFO	Logger	net/socket.go:125	cache-go/net.init.0	max socket listen Num is 	{"num": 4096}
Sat May 21 21:20:51 2022	INFO	Logger	net/socket.go:125	cache-go/net.init.0	max socket listen Num is 	{"num": 4096}
Sat May 21 21:26:10 2022	INFO	Logger	net/socket.go:125	cache-go/net.init.0	max socket listen Num is 	{"num": 4096}
Sat May 21 21:26:53 2022	INFO	Logger	net/socket.go:125	cache-go/net.init.0	max socket listen Num is 	{"num": 4096}
Sat May 21 21:27:10 2022	INFO	Logger	net/socket.go:125	cache-go/net.init.0	max socket listen Num is 	{"num": 4096}
Sat May 21 21:27:50 2022	INFO	Logger	net/socket.go:125	cache-go/net.init.0	max socket listen Num is 	{"num": 4096}
Sat May 21 21:34:41 2022	INFO	Logger	net/socket.go:125	cache-go/net.init.0	max socket listen Num is 	{"num": 4096}
Sat May 21 21:36:25 2022	INFO	Logger	net/socket.go:125	cache-go/net.init.0	max socket listen Num is 	{"num": 4096}
Sat May 21 21:37:08 2022	INFO	Logger	net/socket.go:125	cache-go/net.init.0	max socket listen Num is 	{"num": 4096}
Sat May 21 21:37:28 2022	INFO	Logger	net/socket.go:125	cache-go/net.init.0	max socket listen Num is 	{"num": 4096}
Sat May 21 21:37:30 2022	INFO	Logger	net/socket.go:125	cache-go/net.init.0	max socket listen Num is 	{"num": 4096}
Sat May 21 21:46:08 2022	INFO	Logger	net/socket.go:125	cache-go/net.init.0	max socket listen Num is 	{"num": 4096}
Sat May 21 21:57:17 2022	INFO	Logger	net/socket.go:125	cache-go/net.init.0	max socket listen Num is 	{"num": 4096}
Sat May 21 21:57:27 2022	INFO	Logger	net/socket.go:125	cache-go/net.init.0	max socket listen Num is 	{"num": 4096}
Sat May 21 21:57:38 2022	INFO	Logger	net/socket.go:125	cache-go/net.init.0	max socket listen Num is 	{"num": 4096}
Sat May 21 22:00:17 2022	INFO	Logger	net/socket.go:125	cache-go/net.init.0	max socket listen Num is 	{"num": 4096}
Sat May 21 22:03:08 2022	INFO	Logger	net/socket.go:125	cache-go/net.init.0	max socket listen Num is 	{"num": 4096}
Sat May 21 22:04:43 2022	INFO	Logger	net/socket.go:125	cache-go/net.init.0	max socket listen Num is 	{"num": 4096}
Sat May 21 22:16:41 2022	INFO	Logger	net/socket.go:125	cache-go/net.init.0	max socket listen Num is 	{"num": 4096}
Sat May 21 22:17:29 2022	INFO	Logger	net/socket.go:125	cache-go/net.init.0	max socket listen Num is 	{"num": 4096}
Sat May 21 22:19:54 2022	INFO	Logger	net/socket.go:125	cache-go/net.init.0	max socket listen Num is 	{"num": 4096}
Sat May 21 22:23:15 2022	INFO	Logger	net/socket.go:125	cache-go/net.init.0	max socket listen Num is 	{"num": 4096}
Sat May 21 22:23:34 2022	INFO	Logger	net/socket.go:125	cache-go/net.init.0	max socket listen Num is 	{"num": 4096}
Sat May 21 22:37:29 2022	INFO	Logger	net/socket.go:125	cache-go/net.init.0	max socket listen Num is 	{"num": 4096}
Sat May 21 22:44:37 2022	INFO	Logger	net/socket.go:125	cache-go/net.init.0	max socket listen Num is 	{"num": 4096}
Sat May 21 22:44:37 2022	INFO	Logger	net/server.go:72	cache-go/net.(*Server).Start	subReactors starting ...
Sat May 21 22:44:37 2022	INFO	Logger	net/server.go:87	cache-go/net.(*Server).Start	mainReactors starting ...
Sat May 21 22:46:49 2022	INFO	Logger	net/socket.go:125	cache-go/net.init.0	max socket listen Num is 	{"num": 4096}
Sat May 21 22:48:11 2022	INFO	Logger	net/socket.go:125	cache-go/net.init.0	max socket listen Num is 	{"num": 4096}
Sat May 21 22:48:11 2022	INFO	Logger	net/cacheServer.go:55	cache-go/net.(*TcpCacheServer).Start	----------------------------------cache Server Start--------------------------------------
Sat May 21 22:48:11 2022	INFO	Logger	net/cacheServer.go:56	cache-go/net.(*TcpCacheServer).Start	info:	{"localAddr": "127.0.0.1:8081", "react timeout": 0}
Sat May 21 22:48:11 2022	INFO	Logger	net/tcpPeerPicker.go:80	cache-go/net.(*tcpPeerPicker).start	----------------------------------Peer  Picker Start--------------------------------------
Sat May 21 22:48:11 2022	INFO	Logger	net/tcpPeerPicker.go:81	cache-go/net.(*tcpPeerPicker).start	info:	{"addr size": 1, "remote addr": [":5201"]}
Sat May 21 22:48:11 2022	INFO	Logger	net/server.go:72	cache-go/net.(*Server).Start	subReactors starting ...
Sat May 21 22:48:11 2022	INFO	Logger	net/server.go:87	cache-go/net.(*Server).Start	mainReactors starting ...
Sat May 21 22:51:27 2022	INFO	Logger	net/socket.go:125	cache-go/net.init.0	max socket listen Num is 	{"num": 4096}
Sat May 21 22:51:27 2022	INFO	Logger	net/cacheServer.go:55	cache-go/net.(*TcpCacheServer).Start	----------------------------------cache Server Start--------------------------------------
Sat May 21 22:51:27 2022	INFO	Logger	net/cacheServer.go:56	cache-go/net.(*TcpCacheServer).Start	info:	{"localAddr": ":8081", "react timeout": 0}
Sat May 21 22:51:27 2022	INFO	Logger	net/tcpPeerPicker.go:80	cache-go/net.(*tcpPeerPicker).start	----------------------------------Peer  Picker Start--------------------------------------
Sat May 21 22:51:27 2022	INFO	Logger	net/tcpPeerPicker.go:81	cache-go/net.(*tcpPeerPicker).start	info:	{"addr size": 1, "remote addr": [":8081"]}
Sat May 21 22:51:27 2022	INFO	Logger	net/server.go:72	cache-go/net.(*Server).Start	subReactors starting ...
Sat May 21 22:51:27 2022	INFO	Logger	net/server.go:87	cache-go/net.(*Server).Start	mainReactors starting ...
Sat May 21 23:45:10 2022	INFO	Logger	net/socket.go:125	cache-go/net.init.0	max socket listen Num is 	{"num": 4096}
Sat May 21 23:45:10 2022	INFO	Logger	net/server.go:72	cache-go/net.(*Server).Start	subReactors starting ...
Sat May 21 23:45:10 2022	INFO	Logger	net/server.go:87	cache-go/net.(*Server).Start	mainReactors starting ...
Sat May 21 23:45:46 2022	INFO	Logger	net/socket.go:125	cache-go/net.init.0	max socket listen Num is 	{"num": 4096}
Sat May 21 23:45:46 2022	INFO	Logger	net/cacheServer.go:57	cache-go/net.(*TcpCacheServer).Start	----------------------------------cache Server Start--------------------------------------
Sat May 21 23:45:46 2022	INFO	Logger	net/cacheServer.go:58	cache-go/net.(*TcpCacheServer).Start	info:	{"localAddr": ":8081", "react timeout": 0}
Sat May 21 23:45:46 2022	INFO	Logger	net/tcpPeerPicker.go:80	cache-go/net.(*tcpPeerPicker).start	----------------------------------Peer  Picker Start--------------------------------------
Sat May 21 23:45:46 2022	INFO	Logger	net/tcpPeerPicker.go:81	cache-go/net.(*tcpPeerPicker).start	info:	{"addr size": 1, "remote addr": [":8081"]}
Sat May 21 23:45:46 2022	INFO	Logger	net/server.go:72	cache-go/net.(*Server).Start	subReactors starting ...
Sat May 21 23:45:46 2022	INFO	Logger	net/server.go:87	cache-go/net.(*Server).Start	mainReactors starting ...
Sat May 21 23:46:11 2022	INFO	Logger	net/socket.go:125	cache-go/net.init.0	max socket listen Num is 	{"num": 4096}
Sat May 21 23:46:11 2022	INFO	Logger	net/cacheServer.go:57	cache-go/net.(*TcpCacheServer).Start	----------------------------------cache Server Start--------------------------------------
Sat May 21 23:46:11 2022	INFO	Logger	net/cacheServer.go:58	cache-go/net.(*TcpCacheServer).Start	info:	{"localAddr": ":8081", "react timeout": 0}
Sat May 21 23:46:11 2022	INFO	Logger	net/tcpPeerPicker.go:80	cache-go/net.(*tcpPeerPicker).start	----------------------------------Peer  Picker Start--------------------------------------
Sat May 21 23:46:11 2022	INFO	Logger	net/tcpPeerPicker.go:81	cache-go/net.(*tcpPeerPicker).start	info:	{"addr size": 1, "remote addr": [":8081"]}
Sat May 21 23:46:11 2022	INFO	Logger	net/server.go:72	cache-go/net.(*Server).Start	subReactors starting ...
Sat May 21 23:46:11 2022	INFO	Logger	net/server.go:87	cache-go/net.(*Server).Start	mainReactors starting ...
Sat May 21 23:46:37 2022	INFO	Logger	net/socket.go:125	cache-go/net.init.0	max socket listen Num is 	{"num": 4096}
Sat May 21 23:46:37 2022	INFO	Logger	net/cacheServer.go:57	cache-go/net.(*TcpCacheServer).Start	----------------------------------cache Server Start--------------------------------------
Sat May 21 23:46:37 2022	INFO	Logger	net/cacheServer.go:58	cache-go/net.(*TcpCacheServer).Start	info:	{"localAddr": ":8081", "react timeout": 0}
Sat May 21 23:46:37 2022	INFO	Logger	net/tcpPeerPicker.go:80	cache-go/net.(*tcpPeerPicker).start	----------------------------------Peer  Picker Start--------------------------------------
Sat May 21 23:46:37 2022	INFO	Logger	net/tcpPeerPicker.go:81	cache-go/net.(*tcpPeerPicker).start	info:	{"addr size": 1, "remote addr": [":8081"]}
Sat May 21 23:46:37 2022	INFO	Logger	net/server.go:72	cache-go/net.(*Server).Start	subReactors starting ...
Sat May 21 23:46:37 2022	INFO	Logger	net/server.go:87	cache-go/net.(*Server).Start	mainReactors starting ...
Sat May 21 23:46:55 2022	INFO	Logger	net/socket.go:125	cache-go/net.init.0	max socket listen Num is 	{"num": 4096}
Sat May 21 23:46:55 2022	INFO	Logger	net/cacheServer.go:57	cache-go/net.(*TcpCacheServer).Start	----------------------------------cache Server Start--------------------------------------
Sat May 21 23:46:55 2022	INFO	Logger	net/cacheServer.go:58	cache-go/net.(*TcpCacheServer).Start	info:	{"localAddr": ":8081", "react timeout": 0}
Sat May 21 23:46:55 2022	INFO	Logger	net/tcpPeerPicker.go:80	cache-go/net.(*tcpPeerPicker).start	----------------------------------Peer  Picker Start--------------------------------------
Sat May 21 23:46:55 2022	INFO	Logger	net/tcpPeerPicker.go:81	cache-go/net.(*tcpPeerPicker).start	info:	{"addr size": 1, "remote addr": [":8081"]}
Sat May 21 23:46:55 2022	INFO	Logger	net/server.go:72	cache-go/net.(*Server).Start	subReactors starting ...
Sat May 21 23:46:55 2022	INFO	Logger	net/server.go:87	cache-go/net.(*Server).Start	mainReactors starting ...
Sat May 21 23:47:33 2022	INFO	Logger	net/socket.go:125	cache-go/net.init.0	max socket listen Num is 	{"num": 4096}
Sat May 21 23:47:33 2022	INFO	Logger	net/cacheServer.go:57	cache-go/net.(*TcpCacheServer).Start	----------------------------------cache Server Start--------------------------------------
Sat May 21 23:47:33 2022	INFO	Logger	net/cacheServer.go:58	cache-go/net.(*TcpCacheServer).Start	info:	{"localAddr": ":8081", "react timeout": 0}
Sat May 21 23:47:33 2022	INFO	Logger	net/tcpPeerPicker.go:80	cache-go/net.(*tcpPeerPicker).start	----------------------------------Peer  Picker Start--------------------------------------
Sat May 21 23:47:33 2022	INFO	Logger	net/tcpPeerPicker.go:81	cache-go/net.(*tcpPeerPicker).start	info:	{"addr size": 1, "remote addr": [":8081"]}
Sat May 21 23:47:33 2022	INFO	Logger	net/server.go:72	cache-go/net.(*Server).Start	subReactors starting ...
Sat May 21 23:47:33 2022	INFO	Logger	net/server.go:87	cache-go/net.(*Server).Start	mainReactors starting ...
